<?xml version="1.0" encoding="UTF-8"?>
<!-- Generated by org.testng.reporters.JUnitReportReporter -->
<testsuite skipped="0" hostname="DESKTOP-RQ9AFM9" name="com.qa.tests.LoginTest" tests="1" failures="0" timestamp="20 Feb 2023 08:03:52 GMT" time="28.161" errors="0">
  <testcase name="verifyLoginCredentialsTest" time="28.161" classname="com.qa.tests.LoginTest"/>
</testsuite> <!-- com.qa.tests.LoginTest -->
